[custom_lint] 2023-05-26T20:57:59.899029 /Users/frederik.dumazy/Developer/GitHub/kerekewere/lib/kerekewere.dart:56:11: Warning: Operand of null-aware operation '?.' has type 'String' which excludes null.
[custom_lint] 2023-05-26T20:57:59.899029       if (uri?.contains('src') == false) return;
[custom_lint] 2023-05-26T20:57:59.899029           ^
[custom_lint] 2023-05-26T20:57:59.899029
[custom_lint] 2023-05-26T20:57:59.899029
[_UsePackageImportFix] 2023-05-26T21:01:47.337927 _UsePackageImportFix
[_UsePackageImportFix] 2023-05-26T21:01:48.787202 _UsePackageImportFix
[_UsePackageImportFix] 2023-05-26T21:02:27.263994 _UsePackageImportFix
[_UsePackageImportFix] 2023-05-26T21:02:59.782780 example
[_UsePackageImportFix] 2023-05-26T21:03:37.098116 uri: package:example/feature/src/code.dart
[_UsePackageImportFix] 2023-05-26T21:03:37.106246 example
[_UsePackageImportFix] 2023-05-26T21:03:57.597120 uri: package:example/feature/src/code.dart
[_UsePackageImportFix] 2023-05-26T21:03:57.597428 example
[_UsePackageImportFix] 2023-05-26T21:03:59.602477 uri: package:example/feature/src/code.dart
[_UsePackageImportFix] 2023-05-26T21:03:59.602861 example
[_UsePackageImportFix] 2023-05-26T21:04:00.222038 uri: package:example/feature/src/code.dart
[_UsePackageImportFix] 2023-05-26T21:04:00.222506 example
[_UsePackageImportFix] 2023-05-26T21:04:00.590344 uri: package:example/feature/src/code.dart
[_UsePackageImportFix] 2023-05-26T21:04:00.590826 example
[_UsePackageImportFix] 2023-05-26T21:04:01.732146 uri: package:example/feature/src/code.dart
[_UsePackageImportFix] 2023-05-26T21:04:01.732487 example
[_UsePackageImportFix] 2023-05-26T21:04:02.115830 uri: package:example/feature/src/code.dart
[_UsePackageImportFix] 2023-05-26T21:04:02.116145 example
[_UsePackageImportFix] 2023-05-26T21:04:02.485211 uri: package:example/feature/src/code.dart
[_UsePackageImportFix] 2023-05-26T21:04:02.485582 example
[_UsePackageImportFix] 2023-05-26T21:04:03.176767 uri: ./feature/src/code.dart
[_UsePackageImportFix] 2023-05-26T21:04:03.177395 example
[_UsePackageImportFix] 2023-05-26T21:04:04.541409 uri: ./feature/src/code.dart
[_UsePackageImportFix] 2023-05-26T21:04:04.541783 example
[_UsePackageImportFix] 2023-05-26T21:04:06.373741 uri: ./feature/src/code.dart
[_UsePackageImportFix] 2023-05-26T21:04:06.374136 example
[_UsePackageImportFix] 2023-05-26T21:18:17.730809 packageUri: ./feature/src/code.dart
[_UsePackageImportFix] 2023-05-26T21:18:18.033661 packageUri: ./feature/src/code.dart
[_UsePackageImportFix] 2023-05-26T21:18:19.983457 packageUri: package:feature/code.dart
[_UsePackageImportFix] 2023-05-26T21:18:21.799978 packageUri: package:feature/code.dart
[_UsePackageImportFix] 2023-05-26T21:18:29.731087 packageUri: package:feature/code.dart
[_UsePackageImportFix] 2023-05-26T21:18:29.979820 packageUri: package:feature/code.dart
[_UsePackageImportFix] 2023-05-26T21:18:34.137382 packageUri: package:feature/code.dart
[_UsePackageImportFix] 2023-05-26T21:18:34.403246 packageUri: package:feature/code.dart
[_UsePackageImportFix] 2023-05-26T21:21:43.549307 packageUri: package:example/feature/src/code.dartcode.dart.dart
[_UsePackageImportFix] 2023-05-26T21:21:43.899587 packageUri: package:example/feature/src/code.dartcode.dart.dart
[_UsePackageImportFix] 2023-05-26T21:22:00.728311 packageUri: package:example/feature/src/code.dartcode.dart.dart
[_UsePackageImportFix] 2023-05-26T21:22:02.754643 packageUri: package:example/feature/src/code.dartcode.dart.dart
[_UsePackageImportFix] 2023-05-26T21:23:03.724873 packageUri: package:example/featurefeature.dart
[_UsePackageImportFix] 2023-05-26T21:23:06.287756 packageUri: package:example/featurefeature.dart
[_UsePackageImportFix] 2023-05-26T21:23:35.729926 packageUri: package:example/feature/feature.dart
[_UsePackageImportFix] 2023-05-26T21:23:48.008207 packageUri: package:example/feature/feature.dart
[_UsePackageImportFix] 2023-05-26T21:28:28.620808 packageUri: package:example/feature/feature.dart
[_UsePackageImportFix] 2023-05-26T21:28:30.509709 packageUri: package:example/feature/feature.dart
[_UsePackageImportFix] 2023-05-26T21:28:31.756184 packageUri: package:example/feature/feature.dart
[_UsePackageImportFix] 2023-05-26T21:28:32.220388 packageUri: package:example/feature/feature.dart
[_UsePackageImportFix] 2023-05-26T21:28:32.491254 packageUri: package:example/feature/feature.dart
[_UsePackageImportFix] 2023-05-26T21:28:39.290543 packageUri: package:example/feature/feature.dart
[_UsePackageImportFix] 2023-05-26T21:28:40.089924 packageUri: package:example/feature/feature.dart
[_UsePackageImportFix] 2023-05-26T21:28:41.398896 packageUri: package:example/feature/feature.dart
[_UsePackageImportFix] 2023-05-26T21:28:46.372580 packageUri: package:example/feature/feature.dart
[_UsePackageImportFix] 2023-05-26T21:28:47.767207 packageUri: package:example/feature/feature.dart
[_UsePackageImportFix] 2023-05-26T21:28:48.009509 packageUri: package:example/feature/feature.dart
[_UsePackageImportFix] 2023-05-26T21:28:48.283954 packageUri: package:example/feature/feature.dart
[_UsePackageImportFix] 2023-05-26T21:28:49.597615 packageUri: package:example/feature/feature.dart
[_UsePackageImportFix] 2023-05-26T21:28:52.502739 packageUri: package:example/feature/feature.dart
[_UsePackageImportFix] 2023-05-26T21:28:52.773412 packageUri: package:example/feature/feature.dart
[_UsePackageImportFix] 2023-05-26T21:29:21.309951 packageUri: package:example/feature/feature.dart
[_UsePackageImportFix] 2023-05-26T21:29:21.636782 packageUri: package:example/feature/feature.dart
[_UsePackageImportFix] 2023-05-26T21:29:22.534751 packageUri: package:example/feature/feature.dart
[_UsePackageImportFix] 2023-05-26T21:29:24.674098 packageUri: package:example/feature/feature.dart
[_UsePackageImportFix] 2023-05-26T21:29:25.054979 packageUri: package:example/feature/feature.dart
[_UsePackageImportFix] 2023-05-26T21:29:25.328020 packageUri: package:example/feature/feature.dart
[_UsePackageImportFix] 2023-05-26T21:29:58.677530 packageUri: package:example/feature/feature.dart
[_UsePackageImportFix] 2023-05-26T21:29:59.010787 packageUri: package:example/feature/feature.dart
[_UsePackageImportFix] 2023-05-26T21:29:59.694408 packageUri: package:example/feature/feature.dart
[_UsePackageImportFix] 2023-05-26T21:30:00.075561 packageUri: package:example/feature/feature.dart
[_UsePackageImportFix] 2023-05-26T21:30:00.349388 packageUri: package:example/feature/feature.dart
[_UsePackageImportFix] 2023-05-26T21:30:10.552361 packageUri: package:example/feature/feature.dart
[_UsePackageImportFix] 2023-05-26T21:30:18.416601 packageUri: package:example/feature/feature.dart
[_UsePackageImportFix] 2023-05-26T21:30:47.491795 packageUri: package:example/feature/feature.dart
[_UsePackageImportFix] 2023-05-26T21:30:47.573498 packageUri: package:example/feature/feature.dart
[_UsePackageImportFix] 2023-05-26T21:30:47.827695 packageUri: package:example/feature/feature.dart
[_UsePackageImportFix] 2023-05-26T21:30:48.958781 packageUri: package:example/feature/feature.dart
[_UsePackageImportFix] 2023-05-26T21:30:49.556032 packageUri: package:example/feature/feature.dart
[_UsePackageImportFix] 2023-05-26T21:30:49.880073 packageUri: package:example/feature/feature.dart
[_UsePackageImportFix] 2023-05-26T21:30:50.152944 packageUri: package:example/feature/feature.dart
[_UsePackageImportFix] 2023-05-26T21:31:51.338288 packageUri: package:example/feature/feature.dart
[_UsePackageImportFix] 2023-05-26T21:31:51.669576 packageUri: package:example/feature/feature.dart
[_UsePackageImportFix] 2023-05-26T21:31:53.095059 packageUri: package:example/feature/feature.dart
[_UsePackageImportFix] 2023-05-26T21:31:54.404714 packageUri: package:example/feature/feature.dart
[_UsePackageImportFix] 2023-05-26T21:31:54.679388 packageUri: package:example/feature/feature.dart
[_UsePackageImportFix] 2023-05-26T21:31:58.422955 packageUri: package:example/feature/feature.dart
[_UsePackageImportFix] 2023-05-26T21:32:00.088813 packageUri: package:example/feature/feature.dart
[custom_lint] 2023-05-26T21:32:36.527331 /Users/frederik.dumazy/Developer/GitHub/kerekewere/lib/kerekewere.dart:36:11: Warning: Operand of null-aware operation '?.' has type 'String' which excludes null.
[custom_lint] 2023-05-26T21:32:36.527331       if (uri?.contains('src') == true) {
[custom_lint] 2023-05-26T21:32:36.527331           ^
[custom_lint] 2023-05-26T21:32:36.527331
[custom_lint] 2023-05-26T21:32:36.527331
[_UsePackageImportFix] 2023-05-26T21:33:35.352246 packageUri: package:example/feature/feature.dart
[_UsePackageImportFix] 2023-05-26T21:33:35.721175 packageUri: package:example/feature/feature.dart
[_UsePackageImportFix] 2023-05-26T21:33:39.172281 packageUri: package:example/feature/feature.dart
[_UsePackageImportFix] 2023-05-26T21:33:39.421350 packageUri: package:example/feature/feature.dart
[_UsePackageImportFix] 2023-05-26T21:33:40.977692 packageUri: package:example/feature/feature.dart
[_UsePackageImportFix] 2023-05-26T21:36:50.211911 source: import 'package:example/feature/src/code.dart';
[_UsePackageImportFix] 2023-05-26T21:36:50.212711 packageUri: package:example/feature/feature.dart
[_UsePackageImportFix] 2023-05-26T21:36:50.505283 source: import 'package:example/feature/src/code.dart';
[_UsePackageImportFix] 2023-05-26T21:36:50.505931 packageUri: package:example/feature/feature.dart
[_UsePackageImportFix] 2023-05-26T21:37:20.216865 source: import 'package:example/feature/src/code.dart'; void main() {print('Hello from app.dart'); exampleFunction();}
[_UsePackageImportFix] 2023-05-26T21:37:20.217993 packageUri: package:example/feature/feature.dart
[_UsePackageImportFix] 2023-05-26T21:37:25.567953 parent source: import 'package:example/feature/src/code.dart'; void main() {print('Hello from app.dart'); exampleFunction();}
[_UsePackageImportFix] 2023-05-26T21:37:25.568333 packageUri: package:example/feature/feature.dart
[_UsePackageImportFix] 2023-05-26T21:41:48.247514 parent source: import 'package:example/feature/src/code.dart'; void main() {print('Hello from app.dart'); exampleFunction();}
[_UsePackageImportFix] 2023-05-26T21:41:48.248696 packageUri: package:example/feature/feature.dart
[_UsePackageImportFix] 2023-05-26T21:41:53.176413 parent source: import 'package:example/feature/src/code.dart'; void main() {print('Hello from app.dart'); exampleFunction();}
[_UsePackageImportFix] 2023-05-26T21:41:53.176716 packageUri: package:example/feature/feature.dart
[_UsePackageImportFix] 2023-05-26T21:41:59.855953 parent source: import 'package:example/feature/src/code.dart'; void main() {print('Hello from app.dart'); exampleFunction();}
[_UsePackageImportFix] 2023-05-26T21:41:59.856348 packageUri: package:example/feature/feature.dart
[_UsePackageImportFix] 2023-05-26T21:42:04.044361 root source: import 'package:example/feature/src/code.dart'; void main() {print('Hello from app.dart'); exampleFunction();}
[_UsePackageImportFix] 2023-05-26T21:42:04.044754 packageUri: package:example/feature/feature.dart
[_UsePackageImportFix] 2023-05-26T21:42:13.679498 root source: import 'package:example/feature/src/code.dart'; void main() {print('Hello from app.dart'); exampleFunction();}
[_UsePackageImportFix] 2023-05-26T21:42:13.679822 packageUri: package:example/feature/feature.dart
[_UsePackageImportFix] 2023-05-26T21:43:14.353296 node meta: []
[_UsePackageImportFix] 2023-05-26T21:43:14.353936 packageUri: package:example/feature/feature.dart
[_UsePackageImportFix] 2023-05-26T21:43:20.654758 node meta: []
[_UsePackageImportFix] 2023-05-26T21:43:20.655310 packageUri: package:example/feature/feature.dart
[_UsePackageImportFix] 2023-05-26T21:50:54.435795 node meta: /Users/frederik.dumazy/Developer/GitHub/kerekewere/example/lib/app.dart
[_UsePackageImportFix] 2023-05-26T21:50:54.437229 packageUri: package:example/feature/feature.dart
[_UsePackageImportFix] 2023-05-26T21:51:09.637320 node element: /Users/frederik.dumazy/Developer/GitHub/kerekewere/example/lib/app.dart
[_UsePackageImportFix] 2023-05-26T21:51:09.637735 packageUri: package:example/feature/feature.dart
[_UsePackageImportFix] 2023-05-26T21:51:19.033711 node element: /Users/frederik.dumazy/Developer/GitHub/kerekewere/example/lib/app.dart
[_UsePackageImportFix] 2023-05-26T21:51:19.034095 packageUri: package:example/feature/feature.dart
[_UsePackageImportFix] 2023-05-26T21:53:39.016334 node exportment: Instance of 'Namespace'
[_UsePackageImportFix] 2023-05-26T21:53:39.016688 packageUri: package:example/feature/feature.dart
[_UsePackageImportFix] 2023-05-26T21:53:45.299261 node exportment: Instance of 'Namespace'
[_UsePackageImportFix] 2023-05-26T21:53:45.299583 packageUri: package:example/feature/feature.dart
[_UsePackageImportFix] 2023-05-26T21:54:16.275622 node identifier: package:example/app.dart
[_UsePackageImportFix] 2023-05-26T21:54:16.276033 packageUri: package:example/feature/feature.dart
[_UsePackageImportFix] 2023-05-26T21:54:32.728785 node identifier: package:example/app.dart
[_UsePackageImportFix] 2023-05-26T21:54:32.729280 packageUri: package:example/feature/feature.dart
[custom_lint] 2023-05-26T22:12:57.478478 /Users/frederik.dumazy/Developer/GitHub/kerekewere/lib/kerekewere.dart:70:24: Warning: Operand of null-aware operation '?.' has type 'LibraryElement' which excludes null.
[custom_lint] 2023-05-26T22:12:57.478478  - 'LibraryElement' is from 'package:analyzer/dart/element/element.dart' ('/Users/frederik.dumazy/.pub-cache/hosted/pub.dev/analyzer-5.12.0/lib/dart/element/element.dart').
[custom_lint] 2023-05-26T22:12:57.478478           node.element.library?.context.sourceFactory.pathToUri
[custom_lint] 2023-05-26T22:12:57.478478                        ^
[custom_lint] 2023-05-26T22:12:57.478478
[custom_lint] 2023-05-26T22:12:57.478478
[_UsePackageImportFix] 2023-05-26T22:13:46.577672 path: package%3Aexample/feature/src/code.dart
[_UsePackageImportFix] 2023-05-26T22:13:46.578025 packageUri: package:example/feature/feature.dart
[_UsePackageImportFix] 2023-05-26T22:14:14.640677 path: package%3Aexample/feature/src/code.dart
[_UsePackageImportFix] 2023-05-26T22:14:14.641006 packageUri: package:example/feature/feature.dart
[_UsePackageImportFix] 2023-05-26T22:16:43.966196 resolver fullname: /Users/frederik.dumazy/Developer/GitHub/kerekewere/example/lib/app.dart
[_UsePackageImportFix] 2023-05-26T22:16:43.966562 path: package%3Aexample/feature/src/code.dart
[_UsePackageImportFix] 2023-05-26T22:16:43.966828 packageUri: package:example/feature/feature.dart
[_UsePackageImportFix] 2023-05-26T22:16:51.765377 resolver fullname: /Users/frederik.dumazy/Developer/GitHub/kerekewere/example/lib/app.dart
[_UsePackageImportFix] 2023-05-26T22:16:51.765725 path: package%3Aexample/feature/src/code.dart
[_UsePackageImportFix] 2023-05-26T22:16:51.766114 packageUri: package:example/feature/feature.dart
[_UsePackageImportFix] 2023-05-26T22:17:04.388788 resolver fullname: app.dart
[_UsePackageImportFix] 2023-05-26T22:17:04.389116 path: package%3Aexample/feature/src/code.dart
[_UsePackageImportFix] 2023-05-26T22:17:04.389438 packageUri: package:example/feature/feature.dart
[_UsePackageImportFix] 2023-05-26T22:17:15.284271 resolver fullname: app.dart
[_UsePackageImportFix] 2023-05-26T22:17:15.284607 path: package%3Aexample/feature/src/code.dart
[_UsePackageImportFix] 2023-05-26T22:17:15.285040 packageUri: package:example/feature/feature.dart
[_UsePackageImportFix] 2023-05-26T22:18:46.888475 packageUri: package:example/feature/feature.dart
[_UsePackageImportFix] 2023-05-26T22:18:49.317437 packageUri: package:example/feature/feature.dart
[_UsePackageImportFix] 2023-05-26T22:18:50.064878 packageUri: package:example/feature/feature.dart
[_UsePackageImportFix] 2023-05-26T22:18:50.433086 packageUri: package:example/feature/feature.dart
[_UsePackageImportFix] 2023-05-26T22:18:50.653597 packageUri: package:example/feature/feature.dart
[_UsePackageImportFix] 2023-05-26T22:18:51.179240 packageUri: feature/src/code.dart
[_UsePackageImportFix] 2023-05-26T22:18:52.260195 packageUri: feature/src/code.dart
[_UsePackageImportFix] 2023-05-26T22:19:02.888271 packageUri: feature/src/code.dart
[_UsePackageImportFix] 2023-05-26T22:22:10.501452 packageUri: feature/src/code.dart
[_UsePackageImportFix] 2023-05-26T22:22:11.580620 packageUri: feature/src/code.dart
[_UsePackageImportFix] 2023-05-26T22:22:11.908603 packageUri: feature/src/code.dart
[_UsePackageImportFix] 2023-05-26T22:22:12.743698 packageUri: ../feature/src/code.dart
[_UsePackageImportFix] 2023-05-26T22:22:13.438961 packageUri: ../feature/src/code.dart
[_UsePackageImportFix] 2023-05-26T22:22:14.850487 packageUri: ../feature/src/code.dart
[_UsePackageImportFix] 2023-05-26T22:22:15.526605 packageUri: ../feature/src/code.dart
[_UsePackageImportFix] 2023-05-26T22:22:16.206140 packageUri: ../lib/feature/src/code.dart
[_UsePackageImportFix] 2023-05-26T22:22:17.779634 packageUri: ../lib/feature/src/code.dart
[_UsePackageImportFix] 2023-05-26T22:22:23.246945 packageUri: ../lib/feature/src/code.dart
[_UsePackageImportFix] 2023-05-26T22:22:23.650947 packageUri: ../feature/src/code.dart
[_UsePackageImportFix] 2023-05-26T22:22:24.094605 packageUri: feature/src/code.dart
[_UsePackageImportFix] 2023-05-26T22:22:25.889931 packageUri: feature/src/code.dart
[_UsePackageImportFix] 2023-05-26T22:22:26.140448 packageUri: feature/src/code.dart
[_UsePackageImportFix] 2023-05-26T22:22:43.822354 packageUri: feature/src/code.dart
[_UsePackageImportFix] 2023-05-26T22:22:44.071092 packageUri: feature/src/code.dart
[_UsePackageImportFix] 2023-05-26T22:27:40.298046 packageUri: feature/feature.dart
[_UsePackageImportFix] 2023-05-26T22:27:40.658419 packageUri: feature/feature.dart
[_UsePackageImportFix] 2023-05-26T22:27:50.235479 packageUri: package:appName/feature/feature.dart
[_UsePackageImportFix] 2023-05-26T22:27:50.583756 packageUri: package:appName/feature/feature.dart
[_UsePackageImportFix] 2023-05-26T22:27:56.575241 packageUri: package:appName/feature/feature.dart
[_UsePackageImportFix] 2023-05-26T22:27:56.824029 packageUri: package:appName/feature/feature.dart
[_UsePackageImportFix] 2023-05-26T22:27:57.411344 packageUri: package:appName/feature/feature.dart
[_UsePackageImportFix] 2023-05-26T22:27:57.798426 packageUri: package:appName/feature/feature.dart
[_UsePackageImportFix] 2023-05-26T22:27:58.283863 packageUri: package:appName/feature/feature.dart
[_UsePackageImportFix] 2023-05-26T22:27:58.552404 packageUri: package:appName/feature/feature.dart
[_UsePackageImportFix] 2023-05-26T22:28:02.996543 packageUri: package:appName/feature/feature.dart
[_UsePackageImportFix] 2023-05-26T22:28:20.136666 packageUri: package:example/feature/feature.dart
[_UsePackageImportFix] 2023-05-26T22:28:20.481587 packageUri: package:example/feature/feature.dart
[_UsePackageImportFix] 2023-05-26T22:28:20.993127 packageUri: package:example/feature/feature.dart
[_UsePackageImportFix] 2023-05-26T22:28:21.255440 packageUri: package:example/feature/feature.dart
[_UsePackageImportFix] 2023-05-26T22:28:21.730382 packageUri: package:example/feature/feature.dart
[_UsePackageImportFix] 2023-05-26T22:28:21.999887 packageUri: package:example/feature/feature.dart
[_UsePackageImportFix] 2023-05-26T22:28:25.197029 packageUri: package:example/feature/feature.dart
[_UsePackageImportFix] 2023-05-26T22:28:26.578967 packageUri: package:example/feature/feature.dart
[_UsePackageImportFix] 2023-05-26T22:28:28.350243 packageUri: package:example/feature/feature.dart
[_UsePackageImportFix] 2023-05-26T22:28:28.601243 packageUri: package:example/feature/feature.dart
[_UsePackageImportFix] 2023-05-26T22:28:29.731443 packageUri: package:example/feature/feature.dart
[_UsePackageImportFix] 2023-05-26T22:28:30.409574 packageUri: package:example/feature/feature.dart
[_UsePackageImportFix] 2023-05-26T22:28:30.424939 packageUri: package:example/feature/feature.dart
[_UsePackageImportFix] 2023-05-26T22:30:03.796208 packageUri: package:example/feature/feature.dart
[_UsePackageImportFix] 2023-05-26T22:30:04.039782 packageUri: package:example/feature/feature.dart
[_UsePackageImportFix] 2023-05-26T22:30:05.065808 packageUri: package:example/feature/feature.dart
